<?xml version="1.0" encoding="utf-8"?><testsuites name="pytest tests"><testsuite name="pytest" errors="0" failures="0" skipped="0" tests="7" time="8.953" timestamp="2026-09-24T12:05:24.073781+00:00" hostname="agent-env-b34f6e99-48cd-4553-96e0-d5a31a07c743"><testcase classname="backend.tests.test_9wicket_regression" name="test_9wicket_health" time="2.895" /><testcase classname="backend.tests.test_9wicket_regression" name="test_9wicket_callback_ok" time="0.131" /><testcase classname="backend.tests.test_9wicket_regression" name="test_login_demo01" time="0.433" /><testcase classname="backend.tests.test_9wicket_regression" name="test_catalog_play_game_11539" time="1.494" /><testcase classname="backend.tests.test_9wicket_regression" name="test_game_data_list" time="0.875" /><testcase classname="backend.tests.test_9wicket_regression" name="test_cors_allowed_origin" time="2.950" /><testcase classname="backend.tests.test_9wicket_regression" name="test_cors_blocked_origin" time="0.121" /></testsuite></testsuites>