<?xml version="1.0" encoding="utf-8"?><testsuites name="pytest tests"><testsuite name="pytest" errors="0" failures="6" skipped="0" tests="21" time="18.707" timestamp="2026-09-24T13:05:26.216773+00:00" hostname="agent-env-6c847b38-af7d-4785-bd9e-f7fc703fa7f0"><testcase classname="backend.tests.test_9wicket_regression" name="test_9wicket_health" time="1.078"><failure message="AssertionError: {&quot;success&quot;:false,&quot;status&quot;:&quot;degraded&quot;,&quot;provider&quot;:&quot;9wicket&quot;,&quot;config&quot;:{&quot;apiBase&quot;:&quot;https://world-casino-api.com/api/v1&quot;,&quot;hasToken&quot;:true,&quot;secretConfigured&quot;:true,&quot;outboundProxyConfigured&quot;:false,&quot;gameUid&quot;:&quot;11539&quot;,&quot;symbol&quot;:&quot;9W&quot;,&quot;currency&quot;:&quot;BDT&quot;,&quot;language&quot;:&quot;en&quot;,&quot;callbackUrl&quot;:&quot;https://bajiman-server.vercel.app/api/callback/9wicket&quot;,&quot;returnUrl&quot;:&quot;https://bajiman-client-one.vercel.app/&quot;,&quot;callbackUrlValid&quot;:true,&quot;returnUrlValid&quot;:true,&quot;sourceGameUids&quot;:[&quot;48341a3bf62b6dd0814d7129e7e0834b&quot;]},&quot;providerCheck&quot;:{&quot;attempted&quot;:true,&quot;reachable&quot;:true,&quot;ok&quot;:false,&quot;code&quot;:1,&quot;message&quot;:&quot;IP 34.16.56.64 not whitelisted. Please contact administrator to whitelist your IP.&quot;,&quot;ipWhitelisted&quot;:false},&quot;hint&quot;:&quot;Provider rejected this server's outbound IP. Whitelist the egress IP with the World Casino admin (Vercel serverless IPs are dynamic — use a static-IP proxy/host).&quot;}&#10;assert 503 == 200&#10; +  where 503 = &lt;Response [503]&gt;.status_code">E   AssertionError: {"success":false,"status":"degraded","provider":"9wicket","config":{"apiBase":"https://world-casino-api.com/api/v1","hasToken":true,"secretConfigured":true,"outboundProxyConfigured":false,"gameUid":"11539","symbol":"9W","currency":"BDT","language":"en","callbackUrl":"https://bajiman-server.vercel.app/api/callback/9wicket","returnUrl":"https://bajiman-client-one.vercel.app/","callbackUrlValid":true,"returnUrlValid":true,"sourceGameUids":["48341a3bf62b6dd0814d7129e7e0834b"]},"providerCheck":{"attempted":true,"reachable":true,"ok":false,"code":1,"message":"IP 34.16.56.64 not whitelisted. Please contact administrator to whitelist your IP.","ipWhitelisted":false},"hint":"Provider rejected this server's outbound IP. Whitelist the egress IP with the World Casino admin (Vercel serverless IPs are dynamic — use a static-IP proxy/host)."}
    assert 503 == 200
     +  where 503 = &lt;Response [503]&gt;.status_code</failure></testcase><testcase classname="backend.tests.test_9wicket_regression" name="test_9wicket_callback_ok" time="0.437" /><testcase classname="backend.tests.test_9wicket_regression" name="test_login_demo01" time="0.493" /><testcase classname="backend.tests.test_9wicket_regression" name="test_catalog_play_game_11539" time="1.450" /><testcase classname="backend.tests.test_9wicket_regression" name="test_game_data_list" time="0.924" /><testcase classname="backend.tests.test_9wicket_regression" name="test_cors_allowed_origin" time="0.830"><failure message="AssertionError: {&quot;success&quot;:false,&quot;status&quot;:&quot;degraded&quot;,&quot;provider&quot;:&quot;9wicket&quot;,&quot;config&quot;:{&quot;apiBase&quot;:&quot;https://world-casino-api.com/api/v1&quot;,&quot;hasToken&quot;:true,&quot;secretConfigured&quot;:true,&quot;outboundProxyConfigured&quot;:false,&quot;gameUid&quot;:&quot;11539&quot;,&quot;symbol&quot;:&quot;9W&quot;,&quot;currency&quot;:&quot;BDT&quot;,&quot;language&quot;:&quot;en&quot;,&quot;callbackUrl&quot;:&quot;https://bajiman-server.vercel.app/api/callback/9wicket&quot;,&quot;returnUrl&quot;:&quot;https://bajiman-client-one.vercel.app/&quot;,&quot;callbackUrlValid&quot;:true,&quot;returnUrlValid&quot;:true,&quot;sourceGameUids&quot;:[&quot;48341a3bf62b6dd0814d7129e7e0834b&quot;]},&quot;providerCheck&quot;:{&quot;attempted&quot;:true,&quot;reachable&quot;:true,&quot;ok&quot;:false,&quot;code&quot;:1,&quot;message&quot;:&quot;IP 34.16.56.64 not whitelisted. Please contact administrator to whitelist your IP.&quot;,&quot;ipWhitelisted&quot;:false},&quot;hint&quot;:&quot;Provider rejected this server's outbound IP. Whitelist the egress IP with the World Casino admin (Vercel serverless IPs are dynamic — use a static-IP proxy/host).&quot;}&#10;assert 503 == 200&#10; +  where 503 = &lt;Response [503]&gt;.status_code">E   AssertionError: {"success":false,"status":"degraded","provider":"9wicket","config":{"apiBase":"https://world-casino-api.com/api/v1","hasToken":true,"secretConfigured":true,"outboundProxyConfigured":false,"gameUid":"11539","symbol":"9W","currency":"BDT","language":"en","callbackUrl":"https://bajiman-server.vercel.app/api/callback/9wicket","returnUrl":"https://bajiman-client-one.vercel.app/","callbackUrlValid":true,"returnUrlValid":true,"sourceGameUids":["48341a3bf62b6dd0814d7129e7e0834b"]},"providerCheck":{"attempted":true,"reachable":true,"ok":false,"code":1,"message":"IP 34.16.56.64 not whitelisted. Please contact administrator to whitelist your IP.","ipWhitelisted":false},"hint":"Provider rejected this server's outbound IP. Whitelist the egress IP with the World Casino admin (Vercel serverless IPs are dynamic — use a static-IP proxy/host)."}
    assert 503 == 200
     +  where 503 = &lt;Response [503]&gt;.status_code</failure></testcase><testcase classname="backend.tests.test_9wicket_regression" name="test_cors_blocked_origin" time="0.177" /><testcase classname="backend.tests.test_bajiman_api.TestHealth" name="test_health_without_key_unauthorized" time="0.183" /><testcase classname="backend.tests.test_bajiman_api.TestHealth" name="test_health_with_key_query" time="0.942"><failure message="assert 503 == 200&#10; +  where 503 = &lt;Response [503]&gt;.status_code">E   assert 503 == 200
     +  where 503 = &lt;Response [503]&gt;.status_code</failure></testcase><testcase classname="backend.tests.test_bajiman_api.TestHealth" name="test_health_with_key_header" time="1.184"><failure message="assert 503 == 200&#10; +  where 503 = &lt;Response [503]&gt;.status_code">E   assert 503 == 200
     +  where 503 = &lt;Response [503]&gt;.status_code</failure></testcase><testcase classname="backend.tests.test_bajiman_api.TestHealth" name="test_health_ping_false_skips_provider" time="0.163" /><testcase classname="backend.tests.test_bajiman_api.TestHealth" name="test_health_provider_ping_ok" time="0.897"><failure message="assert 503 == 200&#10; +  where 503 = &lt;Response [503]&gt;.status_code">E   assert 503 == 200
     +  where 503 = &lt;Response [503]&gt;.status_code</failure></testcase><testcase classname="backend.tests.test_bajiman_api.TestLogin" name="test_login_success" time="0.537" /><testcase classname="backend.tests.test_bajiman_api.TestLogin" name="test_login_bad_password" time="0.514" /><testcase classname="backend.tests.test_bajiman_api.TestNineWicket" name="test_launch_and_cashout" time="5.473"><failure message="AssertionError: launch failed: 503 {&quot;success&quot;:false,&quot;code&quot;:&quot;NINEWICKET_CONFIGURATION_ERROR&quot;,&quot;message&quot;:&quot;9Wicket is temporarily unavailable. Please contact support.&quot;,&quot;providerMessage&quot;:&quot;IP 34.16.56.64 not whitelisted. Please contact administrator to whitelist your IP.&quot;,&quot;providerCode&quot;:1}&#10;assert 503 == 200&#10; +  where 503 = &lt;Response [503]&gt;.status_code">E   AssertionError: launch failed: 503 {"success":false,"code":"NINEWICKET_CONFIGURATION_ERROR","message":"9Wicket is temporarily unavailable. Please contact support.","providerMessage":"IP 34.16.56.64 not whitelisted. Please contact administrator to whitelist your IP.","providerCode":1}
    assert 503 == 200
     +  where 503 = &lt;Response [503]&gt;.status_code</failure></testcase><testcase classname="backend.tests.test_bajiman_api.TestCallback" name="test_9wicket_callback_empty_body" time="0.183" /><testcase classname="backend.tests.test_bajiman_api.TestCatalog" name="test_play_game_lookup_11539" time="1.526" /><testcase classname="backend.tests.test_bajiman_api.TestCatalog" name="test_game_data_has_two_games" time="0.860" /><testcase classname="backend.tests.test_bajiman_api.TestCORS" name="test_allowed_origin_reflected" time="0.465" /><testcase classname="backend.tests.test_bajiman_api.TestCORS" name="test_disallowed_origin_blocked" time="0.126" /><testcase classname="backend.tests.test_bajiman_api.TestCORS" name="test_no_origin_passes" time="0.140" /></testsuite></testsuites>