<?xml version="1.0" encoding="utf-8"?><testsuites name="pytest tests"><testsuite name="pytest" errors="0" failures="0" skipped="0" tests="14" time="22.874" timestamp="2026-09-24T12:02:56.261375+00:00" hostname="agent-env-b34f6e99-48cd-4553-96e0-d5a31a07c743"><testcase classname="backend.tests.test_bajiman_api.TestHealth" name="test_health_without_key_unauthorized" time="0.202" /><testcase classname="backend.tests.test_bajiman_api.TestHealth" name="test_health_with_key_query" time="2.947" /><testcase classname="backend.tests.test_bajiman_api.TestHealth" name="test_health_with_key_header" time="2.609" /><testcase classname="backend.tests.test_bajiman_api.TestHealth" name="test_health_ping_false_skips_provider" time="0.226" /><testcase classname="backend.tests.test_bajiman_api.TestHealth" name="test_health_provider_ping_ok" time="3.362" /><testcase classname="backend.tests.test_bajiman_api.TestLogin" name="test_login_success" time="0.460" /><testcase classname="backend.tests.test_bajiman_api.TestLogin" name="test_login_bad_password" time="0.478" /><testcase classname="backend.tests.test_bajiman_api.TestNineWicket" name="test_launch_and_cashout" time="9.261" /><testcase classname="backend.tests.test_bajiman_api.TestCallback" name="test_9wicket_callback_empty_body" time="0.171" /><testcase classname="backend.tests.test_bajiman_api.TestCatalog" name="test_play_game_lookup_11539" time="1.477" /><testcase classname="backend.tests.test_bajiman_api.TestCatalog" name="test_game_data_has_two_games" time="0.884" /><testcase classname="backend.tests.test_bajiman_api.TestCORS" name="test_allowed_origin_reflected" time="0.432" /><testcase classname="backend.tests.test_bajiman_api.TestCORS" name="test_disallowed_origin_blocked" time="0.155" /><testcase classname="backend.tests.test_bajiman_api.TestCORS" name="test_no_origin_passes" time="0.125" /></testsuite></testsuites>