<?xml version="1.0" encoding="utf-8"?><testsuites name="pytest tests"><testsuite name="pytest" errors="0" failures="0" skipped="0" tests="7" time="3.482" timestamp="2026-09-24T14:00:39.766151+00:00" hostname="agent-env-6c847b38-af7d-4785-bd9e-f7fc703fa7f0"><testcase classname="backend.tests.test_live_bajiman" name="test_root_ok" time="0.248" /><testcase classname="backend.tests.test_live_bajiman" name="test_login_demo01" time="0.701" /><testcase classname="backend.tests.test_live_bajiman" name="test_game_catalog_11539" time="1.527" /><testcase classname="backend.tests.test_live_bajiman" name="test_9wicket_callback_empty" time="0.204" /><testcase classname="backend.tests.test_live_bajiman" name="test_client_loads_no_double_slash_in_bundle" time="0.346" /><testcase classname="backend.tests.test_live_bajiman" name="test_health_endpoint_state" time="0.190" /><testcase classname="backend.tests.test_live_bajiman" name="test_cors_evil_origin_state" time="0.209" /></testsuite></testsuites>