<?xml version="1.0" encoding="utf-8"?><testsuites name="pytest tests"><testsuite name="pytest" errors="0" failures="3" skipped="0" tests="10" time="14.889" timestamp="2026-09-24T13:33:32.766304+00:00" hostname="agent-env-6c847b38-af7d-4785-bd9e-f7fc703fa7f0"><testcase classname="backend.tests.test_live_vercel" name="test_root_ok" time="0.390" /><testcase classname="backend.tests.test_live_vercel" name="test_login_success" time="7.337" /><testcase classname="backend.tests.test_live_vercel" name="test_login_wrong_password" time="1.717" /><testcase classname="backend.tests.test_live_vercel" name="test_catalog_9wicket" time="2.243"><failure message="AssertionError: Dead image URL still present&#10;assert 'igamingapis.com' not in &quot;{'success':...6730.jpeg'}}&quot;&#10;  &#10;  'igamingapis.com' is contained here:&#10;    {'success': True, 'message': 'Play game details loaded successfully', 'data': {'_id': '6ab503b50b38122915bc22c0', 'providerDbId': '6ab503b50b38122915bc22be', 'gameUId': '11539', '__v': 0, 'categoryId': '6ab5039c6dbcc77c8f92cace', 'createdAt': '2026-09-24T11:04:21.590Z', 'image': 'https://static.prod-images.emergentagent.com/jobs/1de8c2e6-bbc9-4584-b016-849068fec46b/images/38991a80811a2a1a725e05186c4b0a3712272bebdea455d9db4e895d92b96730.jpeg', 'isAZ': False, 'isFavorites': False, 'isHot': False, 'isLatest': True, 'lastSyncedAt': '2026-09-24T11:...&#10;  &#10;  ...Full output truncated (2 lines hidden), use '-vv' to show">backend/tests/test_live_vercel.py:66: in test_catalog_9wicket
    assert "igamingapis.com" not in body, "Dead image URL still present"
E   AssertionError: Dead image URL still present
E   assert 'igamingapis.com' not in "{'success':...6730.jpeg'}}"
E     
E     'igamingapis.com' is contained here:
E       {'success': True, 'message': 'Play game details loaded successfully', 'data': {'_id': '6ab503b50b38122915bc22c0', 'providerDbId': '6ab503b50b38122915bc22be', 'gameUId': '11539', '__v': 0, 'categoryId': '6ab5039c6dbcc77c8f92cace', 'createdAt': '2026-09-24T11:04:21.590Z', 'image': 'https://static.prod-images.emergentagent.com/jobs/1de8c2e6-bbc9-4584-b016-849068fec46b/images/38991a80811a2a1a725e05186c4b0a3712272bebdea455d9db4e895d92b96730.jpeg', 'isAZ': False, 'isFavorites': False, 'isHot': False, 'isLatest': True, 'lastSyncedAt': '2026-09-24T11:...
E     
E     ...Full output truncated (2 lines hidden), use '-vv' to show</failure></testcase><testcase classname="backend.tests.test_live_vercel" name="test_health_no_key_401" time="0.124"><failure message="AssertionError: expected 401, got 200: {&quot;success&quot;:true,&quot;status&quot;:&quot;ok&quot;,&quot;provider&quot;:&quot;9wicket&quot;,&quot;config&quot;:{&quot;apiBase&quot;:&quot;https://world-casino-api.com/api/v1&quot;,&quot;hasToken&quot;:true,&quot;secretConfigured&quot;:true,&quot;outboundProxyConfigured&quot;:false,&quot;gameUid&quot;:&quot;11539&quot;,&quot;symbol&quot;:&quot;9W&quot;,&quot;currency&quot;:&quot;BDT&quot;,&quot;language&quot;:&quot;en&quot;,&quot;callbackUrl&quot;:&quot;https://bajiman-server.vercel.app/api/c&#10;assert 200 == 401&#10; +  where 200 = &lt;Response [200]&gt;.status_code">backend/tests/test_live_vercel.py:73: in test_health_no_key_401
    assert r.status_code == 401, f"expected 401, got {r.status_code}: {r.text[:300]}"
E   AssertionError: expected 401, got 200: {"success":true,"status":"ok","provider":"9wicket","config":{"apiBase":"https://world-casino-api.com/api/v1","hasToken":true,"secretConfigured":true,"outboundProxyConfigured":false,"gameUid":"11539","symbol":"9W","currency":"BDT","language":"en","callbackUrl":"https://bajiman-server.vercel.app/api/c
E   assert 200 == 401
E    +  where 200 = &lt;Response [200]&gt;.status_code</failure></testcase><testcase classname="backend.tests.test_live_vercel" name="test_health_with_key_no_ping" time="0.125" /><testcase classname="backend.tests.test_live_vercel" name="test_health_provider_ping_graceful_503" time="0.872" /><testcase classname="backend.tests.test_live_vercel" name="test_callback_9wicket_empty_body" time="0.255" /><testcase classname="backend.tests.test_live_vercel" name="test_cors_allowed_origin" time="0.863" /><testcase classname="backend.tests.test_live_vercel" name="test_cors_rejects_evil_origin" time="0.870"><failure message="AssertionError: evil origin was echoed back: https://evil.example.com&#10;assert 'https://evil.example.com' != 'https://evil.example.com'">backend/tests/test_live_vercel.py:129: in test_cors_rejects_evil_origin
    assert aco != EVIL_ORIGIN, f"evil origin was echoed back: {aco}"
E   AssertionError: evil origin was echoed back: https://evil.example.com
E   assert 'https://evil.example.com' != 'https://evil.example.com'</failure></testcase></testsuite></testsuites>