<?xml version="1.0" encoding="utf-8"?><testsuites name="pytest tests"><testsuite name="pytest" errors="0" failures="0" skipped="0" tests="9" time="17.985" timestamp="2026-09-24T10:35:38.573112+00:00" hostname="agent-env-b34f6e99-48cd-4553-96e0-d5a31a07c743"><testcase classname="backend.tests.test_bajiman_api.TestHealth" name="test_health_without_key_unauthorized" time="0.243" /><testcase classname="backend.tests.test_bajiman_api.TestHealth" name="test_health_with_key_query" time="2.476" /><testcase classname="backend.tests.test_bajiman_api.TestHealth" name="test_health_with_key_header" time="2.669" /><testcase classname="backend.tests.test_bajiman_api.TestHealth" name="test_health_ping_false_skips_provider" time="0.171" /><testcase classname="backend.tests.test_bajiman_api.TestHealth" name="test_health_provider_ping_ok" time="2.244" /><testcase classname="backend.tests.test_bajiman_api.TestLogin" name="test_login_success" time="0.426" /><testcase classname="backend.tests.test_bajiman_api.TestLogin" name="test_login_bad_password" time="0.436" /><testcase classname="backend.tests.test_bajiman_api.TestNineWicket" name="test_launch_and_cashout" time="9.104" /><testcase classname="backend.tests.test_bajiman_api.TestCallback" name="test_9wicket_callback_empty_body" time="0.155" /></testsuite></testsuites>